[0.493s] Invoking command in '/home/tanayrs/groundbot_ws/src/lars-bot-demo/arduino_serial_publisher': PYTHONPATH=/home/tanayrs/groundbot_ws/src/lars-bot-demo/build/arduino_serial_publisher/prefix_override:/usr/lib/python3/dist-packages/colcon_core/task/python/colcon_distutils_commands:/home/tanayrs/groundbot_ws/src/lars-bot-demo/install/arduino_serial_publisher/lib/python3.10/site-packages:${PYTHONPATH} /usr/bin/python3 -W ignore:setup.py install is deprecated -W ignore:easy_install command is deprecated setup.py egg_info --egg-base ../build/arduino_serial_publisher build --build-base /home/tanayrs/groundbot_ws/src/lars-bot-demo/build/arduino_serial_publisher/build install --record /home/tanayrs/groundbot_ws/src/lars-bot-demo/build/arduino_serial_publisher/install.log --single-version-externally-managed install_data
[0.651s] running egg_info
[0.651s] creating ../build/arduino_serial_publisher/arduino_serial_publisher.egg-info
[0.651s] writing ../build/arduino_serial_publisher/arduino_serial_publisher.egg-info/PKG-INFO
[0.652s] writing dependency_links to ../build/arduino_serial_publisher/arduino_serial_publisher.egg-info/dependency_links.txt
[0.652s] writing entry points to ../build/arduino_serial_publisher/arduino_serial_publisher.egg-info/entry_points.txt
[0.652s] writing requirements to ../build/arduino_serial_publisher/arduino_serial_publisher.egg-info/requires.txt
[0.652s] writing top-level names to ../build/arduino_serial_publisher/arduino_serial_publisher.egg-info/top_level.txt
[0.652s] writing manifest file '../build/arduino_serial_publisher/arduino_serial_publisher.egg-info/SOURCES.txt'
[0.653s] reading manifest file '../build/arduino_serial_publisher/arduino_serial_publisher.egg-info/SOURCES.txt'
[0.654s] writing manifest file '../build/arduino_serial_publisher/arduino_serial_publisher.egg-info/SOURCES.txt'
[0.654s] running build
[0.654s] running build_py
[0.654s] creating /home/tanayrs/groundbot_ws/src/lars-bot-demo/build/arduino_serial_publisher/build
[0.654s] creating /home/tanayrs/groundbot_ws/src/lars-bot-demo/build/arduino_serial_publisher/build/lib
[0.654s] creating /home/tanayrs/groundbot_ws/src/lars-bot-demo/build/arduino_serial_publisher/build/lib/arduino_serial_publisher
[0.654s] copying arduino_serial_publisher/serial_publisher.py -> /home/tanayrs/groundbot_ws/src/lars-bot-demo/build/arduino_serial_publisher/build/lib/arduino_serial_publisher
[0.654s] copying arduino_serial_publisher/key_move_ros2.py -> /home/tanayrs/groundbot_ws/src/lars-bot-demo/build/arduino_serial_publisher/build/lib/arduino_serial_publisher
[0.654s] copying arduino_serial_publisher/__init__.py -> /home/tanayrs/groundbot_ws/src/lars-bot-demo/build/arduino_serial_publisher/build/lib/arduino_serial_publisher
[0.654s] running install
[0.654s] running install_lib
[0.655s] creating /home/tanayrs/groundbot_ws/src/lars-bot-demo/install/arduino_serial_publisher/lib/python3.10/site-packages/arduino_serial_publisher
[0.655s] copying /home/tanayrs/groundbot_ws/src/lars-bot-demo/build/arduino_serial_publisher/build/lib/arduino_serial_publisher/serial_publisher.py -> /home/tanayrs/groundbot_ws/src/lars-bot-demo/install/arduino_serial_publisher/lib/python3.10/site-packages/arduino_serial_publisher
[0.655s] copying /home/tanayrs/groundbot_ws/src/lars-bot-demo/build/arduino_serial_publisher/build/lib/arduino_serial_publisher/key_move_ros2.py -> /home/tanayrs/groundbot_ws/src/lars-bot-demo/install/arduino_serial_publisher/lib/python3.10/site-packages/arduino_serial_publisher
[0.655s] copying /home/tanayrs/groundbot_ws/src/lars-bot-demo/build/arduino_serial_publisher/build/lib/arduino_serial_publisher/__init__.py -> /home/tanayrs/groundbot_ws/src/lars-bot-demo/install/arduino_serial_publisher/lib/python3.10/site-packages/arduino_serial_publisher
[0.655s] byte-compiling /home/tanayrs/groundbot_ws/src/lars-bot-demo/install/arduino_serial_publisher/lib/python3.10/site-packages/arduino_serial_publisher/serial_publisher.py to serial_publisher.cpython-310.pyc
[0.655s] byte-compiling /home/tanayrs/groundbot_ws/src/lars-bot-demo/install/arduino_serial_publisher/lib/python3.10/site-packages/arduino_serial_publisher/key_move_ros2.py to key_move_ros2.cpython-310.pyc
[0.656s] byte-compiling /home/tanayrs/groundbot_ws/src/lars-bot-demo/install/arduino_serial_publisher/lib/python3.10/site-packages/arduino_serial_publisher/__init__.py to __init__.cpython-310.pyc
[0.656s] running install_data
[0.656s] creating /home/tanayrs/groundbot_ws/src/lars-bot-demo/install/arduino_serial_publisher/share/ament_index
[0.656s] creating /home/tanayrs/groundbot_ws/src/lars-bot-demo/install/arduino_serial_publisher/share/ament_index/resource_index
[0.656s] creating /home/tanayrs/groundbot_ws/src/lars-bot-demo/install/arduino_serial_publisher/share/ament_index/resource_index/packages
[0.656s] copying resource/arduino_serial_publisher -> /home/tanayrs/groundbot_ws/src/lars-bot-demo/install/arduino_serial_publisher/share/ament_index/resource_index/packages
[0.656s] copying package.xml -> /home/tanayrs/groundbot_ws/src/lars-bot-demo/install/arduino_serial_publisher/share/arduino_serial_publisher
[0.656s] running install_egg_info
[0.657s] Copying ../build/arduino_serial_publisher/arduino_serial_publisher.egg-info to /home/tanayrs/groundbot_ws/src/lars-bot-demo/install/arduino_serial_publisher/lib/python3.10/site-packages/arduino_serial_publisher-0.0.0-py3.10.egg-info
[0.658s] running install_scripts
[0.670s] Installing key_move_ros2 script to /home/tanayrs/groundbot_ws/src/lars-bot-demo/install/arduino_serial_publisher/lib/arduino_serial_publisher
[0.670s] writing list of installed files to '/home/tanayrs/groundbot_ws/src/lars-bot-demo/build/arduino_serial_publisher/install.log'
[0.684s] Invoked command in '/home/tanayrs/groundbot_ws/src/lars-bot-demo/arduino_serial_publisher' returned '0': PYTHONPATH=/home/tanayrs/groundbot_ws/src/lars-bot-demo/build/arduino_serial_publisher/prefix_override:/usr/lib/python3/dist-packages/colcon_core/task/python/colcon_distutils_commands:/home/tanayrs/groundbot_ws/src/lars-bot-demo/install/arduino_serial_publisher/lib/python3.10/site-packages:${PYTHONPATH} /usr/bin/python3 -W ignore:setup.py install is deprecated -W ignore:easy_install command is deprecated setup.py egg_info --egg-base ../build/arduino_serial_publisher build --build-base /home/tanayrs/groundbot_ws/src/lars-bot-demo/build/arduino_serial_publisher/build install --record /home/tanayrs/groundbot_ws/src/lars-bot-demo/build/arduino_serial_publisher/install.log --single-version-externally-managed install_data
