running egg_info
creating ../build/arduino_serial_publisher/arduino_serial_publisher.egg-info
writing ../build/arduino_serial_publisher/arduino_serial_publisher.egg-info/PKG-INFO
writing dependency_links to ../build/arduino_serial_publisher/arduino_serial_publisher.egg-info/dependency_links.txt
writing entry points to ../build/arduino_serial_publisher/arduino_serial_publisher.egg-info/entry_points.txt
writing requirements to ../build/arduino_serial_publisher/arduino_serial_publisher.egg-info/requires.txt
writing top-level names to ../build/arduino_serial_publisher/arduino_serial_publisher.egg-info/top_level.txt
writing manifest file '../build/arduino_serial_publisher/arduino_serial_publisher.egg-info/SOURCES.txt'
reading manifest file '../build/arduino_serial_publisher/arduino_serial_publisher.egg-info/SOURCES.txt'
writing manifest file '../build/arduino_serial_publisher/arduino_serial_publisher.egg-info/SOURCES.txt'
running build
running build_py
creating /home/tanayrs/groundbot_ws/src/lars-bot-demo/build/arduino_serial_publisher/build
creating /home/tanayrs/groundbot_ws/src/lars-bot-demo/build/arduino_serial_publisher/build/lib
creating /home/tanayrs/groundbot_ws/src/lars-bot-demo/build/arduino_serial_publisher/build/lib/arduino_serial_publisher
copying arduino_serial_publisher/serial_publisher.py -> /home/tanayrs/groundbot_ws/src/lars-bot-demo/build/arduino_serial_publisher/build/lib/arduino_serial_publisher
copying arduino_serial_publisher/key_move_ros2.py -> /home/tanayrs/groundbot_ws/src/lars-bot-demo/build/arduino_serial_publisher/build/lib/arduino_serial_publisher
copying arduino_serial_publisher/__init__.py -> /home/tanayrs/groundbot_ws/src/lars-bot-demo/build/arduino_serial_publisher/build/lib/arduino_serial_publisher
running install
running install_lib
creating /home/tanayrs/groundbot_ws/src/lars-bot-demo/install/arduino_serial_publisher/lib/python3.10/site-packages/arduino_serial_publisher
copying /home/tanayrs/groundbot_ws/src/lars-bot-demo/build/arduino_serial_publisher/build/lib/arduino_serial_publisher/serial_publisher.py -> /home/tanayrs/groundbot_ws/src/lars-bot-demo/install/arduino_serial_publisher/lib/python3.10/site-packages/arduino_serial_publisher
copying /home/tanayrs/groundbot_ws/src/lars-bot-demo/build/arduino_serial_publisher/build/lib/arduino_serial_publisher/key_move_ros2.py -> /home/tanayrs/groundbot_ws/src/lars-bot-demo/install/arduino_serial_publisher/lib/python3.10/site-packages/arduino_serial_publisher
copying /home/tanayrs/groundbot_ws/src/lars-bot-demo/build/arduino_serial_publisher/build/lib/arduino_serial_publisher/__init__.py -> /home/tanayrs/groundbot_ws/src/lars-bot-demo/install/arduino_serial_publisher/lib/python3.10/site-packages/arduino_serial_publisher
byte-compiling /home/tanayrs/groundbot_ws/src/lars-bot-demo/install/arduino_serial_publisher/lib/python3.10/site-packages/arduino_serial_publisher/serial_publisher.py to serial_publisher.cpython-310.pyc
byte-compiling /home/tanayrs/groundbot_ws/src/lars-bot-demo/install/arduino_serial_publisher/lib/python3.10/site-packages/arduino_serial_publisher/key_move_ros2.py to key_move_ros2.cpython-310.pyc
byte-compiling /home/tanayrs/groundbot_ws/src/lars-bot-demo/install/arduino_serial_publisher/lib/python3.10/site-packages/arduino_serial_publisher/__init__.py to __init__.cpython-310.pyc
running install_data
creating /home/tanayrs/groundbot_ws/src/lars-bot-demo/install/arduino_serial_publisher/share/ament_index
creating /home/tanayrs/groundbot_ws/src/lars-bot-demo/install/arduino_serial_publisher/share/ament_index/resource_index
creating /home/tanayrs/groundbot_ws/src/lars-bot-demo/install/arduino_serial_publisher/share/ament_index/resource_index/packages
copying resource/arduino_serial_publisher -> /home/tanayrs/groundbot_ws/src/lars-bot-demo/install/arduino_serial_publisher/share/ament_index/resource_index/packages
copying package.xml -> /home/tanayrs/groundbot_ws/src/lars-bot-demo/install/arduino_serial_publisher/share/arduino_serial_publisher
running install_egg_info
Copying ../build/arduino_serial_publisher/arduino_serial_publisher.egg-info to /home/tanayrs/groundbot_ws/src/lars-bot-demo/install/arduino_serial_publisher/lib/python3.10/site-packages/arduino_serial_publisher-0.0.0-py3.10.egg-info
running install_scripts
Installing key_move_ros2 script to /home/tanayrs/groundbot_ws/src/lars-bot-demo/install/arduino_serial_publisher/lib/arduino_serial_publisher
writing list of installed files to '/home/tanayrs/groundbot_ws/src/lars-bot-demo/build/arduino_serial_publisher/install.log'
