/home/tanayrs/groundbot_ws/src/lars-bot-demo/install/arduino_serial_publisher/lib/python3.10/site-packages/arduino_serial_publisher/__init__.py
/home/tanayrs/groundbot_ws/src/lars-bot-demo/install/arduino_serial_publisher/lib/python3.10/site-packages/arduino_serial_publisher/key_move_serial.py
/home/tanayrs/groundbot_ws/src/lars-bot-demo/install/arduino_serial_publisher/lib/python3.10/site-packages/arduino_serial_publisher/publish_pose.py
/home/tanayrs/groundbot_ws/src/lars-bot-demo/install/arduino_serial_publisher/lib/python3.10/site-packages/arduino_serial_publisher/key_move_print.py
/home/tanayrs/groundbot_ws/src/lars-bot-demo/install/arduino_serial_publisher/lib/python3.10/site-packages/arduino_serial_publisher/__pycache__/__init__.cpython-310.pyc
/home/tanayrs/groundbot_ws/src/lars-bot-demo/install/arduino_serial_publisher/lib/python3.10/site-packages/arduino_serial_publisher/__pycache__/key_move_serial.cpython-310.pyc
/home/tanayrs/groundbot_ws/src/lars-bot-demo/install/arduino_serial_publisher/lib/python3.10/site-packages/arduino_serial_publisher/__pycache__/publish_pose.cpython-310.pyc
/home/tanayrs/groundbot_ws/src/lars-bot-demo/install/arduino_serial_publisher/lib/python3.10/site-packages/arduino_serial_publisher/__pycache__/key_move_print.cpython-310.pyc
/home/tanayrs/groundbot_ws/src/lars-bot-demo/install/arduino_serial_publisher/share/ament_index/resource_index/packages/arduino_serial_publisher
/home/tanayrs/groundbot_ws/src/lars-bot-demo/install/arduino_serial_publisher/share/arduino_serial_publisher/package.xml
/home/tanayrs/groundbot_ws/src/lars-bot-demo/install/arduino_serial_publisher/lib/python3.10/site-packages/arduino_serial_publisher-0.0.1-py3.10.egg-info/dependency_links.txt
/home/tanayrs/groundbot_ws/src/lars-bot-demo/install/arduino_serial_publisher/lib/python3.10/site-packages/arduino_serial_publisher-0.0.1-py3.10.egg-info/top_level.txt
/home/tanayrs/groundbot_ws/src/lars-bot-demo/install/arduino_serial_publisher/lib/python3.10/site-packages/arduino_serial_publisher-0.0.1-py3.10.egg-info/entry_points.txt
/home/tanayrs/groundbot_ws/src/lars-bot-demo/install/arduino_serial_publisher/lib/python3.10/site-packages/arduino_serial_publisher-0.0.1-py3.10.egg-info/SOURCES.txt
/home/tanayrs/groundbot_ws/src/lars-bot-demo/install/arduino_serial_publisher/lib/python3.10/site-packages/arduino_serial_publisher-0.0.1-py3.10.egg-info/PKG-INFO
/home/tanayrs/groundbot_ws/src/lars-bot-demo/install/arduino_serial_publisher/lib/python3.10/site-packages/arduino_serial_publisher-0.0.1-py3.10.egg-info/zip-safe
/home/tanayrs/groundbot_ws/src/lars-bot-demo/install/arduino_serial_publisher/lib/python3.10/site-packages/arduino_serial_publisher-0.0.1-py3.10.egg-info/requires.txt
/home/tanayrs/groundbot_ws/src/lars-bot-demo/install/arduino_serial_publisher/lib/arduino_serial_publisher/key_move_print
/home/tanayrs/groundbot_ws/src/lars-bot-demo/install/arduino_serial_publisher/lib/arduino_serial_publisher/key_move_serial
/home/tanayrs/groundbot_ws/src/lars-bot-demo/install/arduino_serial_publisher/lib/arduino_serial_publisher/publish_pose
