running egg_info
writing ../build/arduino_serial_publisher/arduino_serial_publisher.egg-info/PKG-INFO
writing dependency_links to ../build/arduino_serial_publisher/arduino_serial_publisher.egg-info/dependency_links.txt
writing entry points to ../build/arduino_serial_publisher/arduino_serial_publisher.egg-info/entry_points.txt
writing requirements to ../build/arduino_serial_publisher/arduino_serial_publisher.egg-info/requires.txt
writing top-level names to ../build/arduino_serial_publisher/arduino_serial_publisher.egg-info/top_level.txt
reading manifest file '../build/arduino_serial_publisher/arduino_serial_publisher.egg-info/SOURCES.txt'
writing manifest file '../build/arduino_serial_publisher/arduino_serial_publisher.egg-info/SOURCES.txt'
running build
running build_py
copying arduino_serial_publisher/key_move_serial.py -> /home/tanayrs/groundbot_ws/src/lars-bot-demo/build/arduino_serial_publisher/build/lib/arduino_serial_publisher
copying arduino_serial_publisher/publish_pose.py -> /home/tanayrs/groundbot_ws/src/lars-bot-demo/build/arduino_serial_publisher/build/lib/arduino_serial_publisher
copying arduino_serial_publisher/key_move_print.py -> /home/tanayrs/groundbot_ws/src/lars-bot-demo/build/arduino_serial_publisher/build/lib/arduino_serial_publisher
running install
running install_lib
copying /home/tanayrs/groundbot_ws/src/lars-bot-demo/build/arduino_serial_publisher/build/lib/arduino_serial_publisher/key_move_serial.py -> /home/tanayrs/groundbot_ws/src/lars-bot-demo/install/arduino_serial_publisher/lib/python3.10/site-packages/arduino_serial_publisher
copying /home/tanayrs/groundbot_ws/src/lars-bot-demo/build/arduino_serial_publisher/build/lib/arduino_serial_publisher/publish_pose.py -> /home/tanayrs/groundbot_ws/src/lars-bot-demo/install/arduino_serial_publisher/lib/python3.10/site-packages/arduino_serial_publisher
copying /home/tanayrs/groundbot_ws/src/lars-bot-demo/build/arduino_serial_publisher/build/lib/arduino_serial_publisher/key_move_print.py -> /home/tanayrs/groundbot_ws/src/lars-bot-demo/install/arduino_serial_publisher/lib/python3.10/site-packages/arduino_serial_publisher
byte-compiling /home/tanayrs/groundbot_ws/src/lars-bot-demo/install/arduino_serial_publisher/lib/python3.10/site-packages/arduino_serial_publisher/key_move_serial.py to key_move_serial.cpython-310.pyc
byte-compiling /home/tanayrs/groundbot_ws/src/lars-bot-demo/install/arduino_serial_publisher/lib/python3.10/site-packages/arduino_serial_publisher/publish_pose.py to publish_pose.cpython-310.pyc
byte-compiling /home/tanayrs/groundbot_ws/src/lars-bot-demo/install/arduino_serial_publisher/lib/python3.10/site-packages/arduino_serial_publisher/key_move_print.py to key_move_print.cpython-310.pyc
running install_data
running install_egg_info
Copying ../build/arduino_serial_publisher/arduino_serial_publisher.egg-info to /home/tanayrs/groundbot_ws/src/lars-bot-demo/install/arduino_serial_publisher/lib/python3.10/site-packages/arduino_serial_publisher-0.0.1-py3.10.egg-info
running install_scripts
Installing key_move_print script to /home/tanayrs/groundbot_ws/src/lars-bot-demo/install/arduino_serial_publisher/lib/arduino_serial_publisher
Installing key_move_serial script to /home/tanayrs/groundbot_ws/src/lars-bot-demo/install/arduino_serial_publisher/lib/arduino_serial_publisher
Installing publish_pose script to /home/tanayrs/groundbot_ws/src/lars-bot-demo/install/arduino_serial_publisher/lib/arduino_serial_publisher
writing list of installed files to '/home/tanayrs/groundbot_ws/src/lars-bot-demo/build/arduino_serial_publisher/install.log'
