[0.411s] Invoking command in '/home/tanayrs/groundbot_ws/src/lars-bot-demo/arduino_serial_publisher': PYTHONPATH=/home/tanayrs/groundbot_ws/src/lars-bot-demo/build/arduino_serial_publisher/prefix_override:/usr/lib/python3/dist-packages/colcon_core/task/python/colcon_distutils_commands:/home/tanayrs/groundbot_ws/src/lars-bot-demo/install/arduino_serial_publisher/lib/python3.10/site-packages:${PYTHONPATH} /usr/bin/python3 -W ignore:setup.py install is deprecated -W ignore:easy_install command is deprecated setup.py egg_info --egg-base ../build/arduino_serial_publisher build --build-base /home/tanayrs/groundbot_ws/src/lars-bot-demo/build/arduino_serial_publisher/build install --record /home/tanayrs/groundbot_ws/src/lars-bot-demo/build/arduino_serial_publisher/install.log --single-version-externally-managed install_data
[0.571s] running egg_info
[0.571s] writing ../build/arduino_serial_publisher/arduino_serial_publisher.egg-info/PKG-INFO
[0.571s] writing dependency_links to ../build/arduino_serial_publisher/arduino_serial_publisher.egg-info/dependency_links.txt
[0.572s] writing entry points to ../build/arduino_serial_publisher/arduino_serial_publisher.egg-info/entry_points.txt
[0.572s] writing requirements to ../build/arduino_serial_publisher/arduino_serial_publisher.egg-info/requires.txt
[0.572s] writing top-level names to ../build/arduino_serial_publisher/arduino_serial_publisher.egg-info/top_level.txt
[0.573s] reading manifest file '../build/arduino_serial_publisher/arduino_serial_publisher.egg-info/SOURCES.txt'
[0.573s] writing manifest file '../build/arduino_serial_publisher/arduino_serial_publisher.egg-info/SOURCES.txt'
[0.573s] running build
[0.573s] running build_py
[0.573s] copying arduino_serial_publisher/key_move_serial.py -> /home/tanayrs/groundbot_ws/src/lars-bot-demo/build/arduino_serial_publisher/build/lib/arduino_serial_publisher
[0.573s] copying arduino_serial_publisher/publish_pose.py -> /home/tanayrs/groundbot_ws/src/lars-bot-demo/build/arduino_serial_publisher/build/lib/arduino_serial_publisher
[0.574s] copying arduino_serial_publisher/key_move_print.py -> /home/tanayrs/groundbot_ws/src/lars-bot-demo/build/arduino_serial_publisher/build/lib/arduino_serial_publisher
[0.574s] running install
[0.574s] running install_lib
[0.574s] copying /home/tanayrs/groundbot_ws/src/lars-bot-demo/build/arduino_serial_publisher/build/lib/arduino_serial_publisher/key_move_serial.py -> /home/tanayrs/groundbot_ws/src/lars-bot-demo/install/arduino_serial_publisher/lib/python3.10/site-packages/arduino_serial_publisher
[0.574s] copying /home/tanayrs/groundbot_ws/src/lars-bot-demo/build/arduino_serial_publisher/build/lib/arduino_serial_publisher/publish_pose.py -> /home/tanayrs/groundbot_ws/src/lars-bot-demo/install/arduino_serial_publisher/lib/python3.10/site-packages/arduino_serial_publisher
[0.574s] copying /home/tanayrs/groundbot_ws/src/lars-bot-demo/build/arduino_serial_publisher/build/lib/arduino_serial_publisher/key_move_print.py -> /home/tanayrs/groundbot_ws/src/lars-bot-demo/install/arduino_serial_publisher/lib/python3.10/site-packages/arduino_serial_publisher
[0.575s] byte-compiling /home/tanayrs/groundbot_ws/src/lars-bot-demo/install/arduino_serial_publisher/lib/python3.10/site-packages/arduino_serial_publisher/key_move_serial.py to key_move_serial.cpython-310.pyc
[0.575s] byte-compiling /home/tanayrs/groundbot_ws/src/lars-bot-demo/install/arduino_serial_publisher/lib/python3.10/site-packages/arduino_serial_publisher/publish_pose.py to publish_pose.cpython-310.pyc
[0.575s] byte-compiling /home/tanayrs/groundbot_ws/src/lars-bot-demo/install/arduino_serial_publisher/lib/python3.10/site-packages/arduino_serial_publisher/key_move_print.py to key_move_print.cpython-310.pyc
[0.576s] running install_data
[0.576s] running install_egg_info
[0.577s] Copying ../build/arduino_serial_publisher/arduino_serial_publisher.egg-info to /home/tanayrs/groundbot_ws/src/lars-bot-demo/install/arduino_serial_publisher/lib/python3.10/site-packages/arduino_serial_publisher-0.0.1-py3.10.egg-info
[0.577s] running install_scripts
[0.589s] Installing key_move_print script to /home/tanayrs/groundbot_ws/src/lars-bot-demo/install/arduino_serial_publisher/lib/arduino_serial_publisher
[0.590s] Installing key_move_serial script to /home/tanayrs/groundbot_ws/src/lars-bot-demo/install/arduino_serial_publisher/lib/arduino_serial_publisher
[0.590s] Installing publish_pose script to /home/tanayrs/groundbot_ws/src/lars-bot-demo/install/arduino_serial_publisher/lib/arduino_serial_publisher
[0.590s] writing list of installed files to '/home/tanayrs/groundbot_ws/src/lars-bot-demo/build/arduino_serial_publisher/install.log'
[0.603s] Invoked command in '/home/tanayrs/groundbot_ws/src/lars-bot-demo/arduino_serial_publisher' returned '0': PYTHONPATH=/home/tanayrs/groundbot_ws/src/lars-bot-demo/build/arduino_serial_publisher/prefix_override:/usr/lib/python3/dist-packages/colcon_core/task/python/colcon_distutils_commands:/home/tanayrs/groundbot_ws/src/lars-bot-demo/install/arduino_serial_publisher/lib/python3.10/site-packages:${PYTHONPATH} /usr/bin/python3 -W ignore:setup.py install is deprecated -W ignore:easy_install command is deprecated setup.py egg_info --egg-base ../build/arduino_serial_publisher build --build-base /home/tanayrs/groundbot_ws/src/lars-bot-demo/build/arduino_serial_publisher/build install --record /home/tanayrs/groundbot_ws/src/lars-bot-demo/build/arduino_serial_publisher/install.log --single-version-externally-managed install_data
